[0513/165611.386:WARNING:minidump_to_upload_parameters.cc(36)] duplicate key guid, discarding value 1c3abf0c-4f13-43f5-aa22-bf9a04b2bb2b
[0513/165732.154:WARNING:minidump_to_upload_parameters.cc(36)] duplicate key guid, discarding value 1c3abf0c-4f13-43f5-aa22-bf9a04b2bb2b
[0513/165742.861:ERROR:minidumpwritedump_with_crashpad_info.cc(435)] Failed to call MiniDumpWriteDump: Only part of a ReadProcessMemory or WriteProcessMemory request was completed. (0x8007012B)
[0513/165742.861:ERROR:minidumpwritedump_with_crashpad_info.cc(562)] Failed to write minidump file
[0513/165742.861:ERROR:crash_report_exception_handler.cc(128)] TryMiniDumpWriteDumpWithCrashpadInfo failed
[0513/165742.864:ERROR:process_memory_win.cc(73)] ReadMemory at 0x14300458c50 of 72 bytes failed: Only part of a ReadProcessMemory or WriteProcessMemory request was completed. (0x12B)
[0513/165742.865:WARNING:pe_image_annotations_reader.cc(134)] could not read annotations list object in C:\Program Files (x86)\Microsoft\Edge\Application\81.0.416.72\msedge_elf.dll
[0513/165742.866:ERROR:process_memory_win.cc(73)] ReadMemory at 0x143007b8df0 of 72 bytes failed: Only part of a ReadProcessMemory or WriteProcessMemory request was completed. (0x12B)
[0513/165742.866:WARNING:pe_image_annotations_reader.cc(134)] could not read annotations list object in C:\Program Files (x86)\Microsoft\Edge\Application\81.0.416.72\msedge.dll
[0513/165743.049:ERROR:process_memory_win.cc(73)] ReadMemory at 0x7ff771da0000 of 64 bytes failed: Only part of a ReadProcessMemory or WriteProcessMemory request was completed. (0x12B)
[0513/165743.049:WARNING:pe_image_reader.cc(340)] could not read dos header from C:\Program Files (x86)\Microsoft\Edge\Application\msedge.exe
[0513/165743.049:ERROR:process_memory_win.cc(73)] ReadMemory at 0x7ff919c00000 of 64 bytes failed: Only part of a ReadProcessMemory or WriteProcessMemory request was completed. (0x12B)
[0513/165743.049:WARNING:pe_image_reader.cc(340)] could not read dos header from C:\Windows\SYSTEM32\ntdll.dll
[0513/165743.049:ERROR:process_memory_win.cc(73)] ReadMemory at 0x7ff9184d0000 of 64 bytes failed: Only part of a ReadProcessMemory or WriteProcessMemory request was completed. (0x12B)
[0513/165743.049:WARNING:pe_image_reader.cc(340)] could not read dos header from C:\Windows\System32\KERNEL32.DLL
[0513/165743.050:ERROR:process_memory_win.cc(73)] ReadMemory at 0x7ff916e90000 of 64 bytes failed: Only part of a ReadProcessMemory or WriteProcessMemory request was completed. (0x12B)
[0513/165743.050:WARNING:pe_image_reader.cc(340)] could not read dos header from C:\Windows\System32\KERNELBASE.dll
[0513/165743.050:ERROR:process_memory_win.cc(73)] ReadMemory at 0x7ff8e0df0000 of 64 bytes failed: Only part of a ReadProcessMemory or WriteProcessMemory request was completed. (0x12B)
[0513/165743.050:WARNING:pe_image_reader.cc(340)] could not read dos header from C:\Program Files (x86)\Microsoft\Edge\Application\81.0.416.72\msedge_elf.dll
[0513/165743.050:ERROR:process_memory_win.cc(73)] ReadMemory at 0x7ff9178f0000 of 64 bytes failed: Only part of a ReadProcessMemory or WriteProcessMemory request was completed. (0x12B)
[0513/165743.050:WARNING:pe_image_reader.cc(340)] could not read dos header from C:\Windows\System32\bcryptPrimitives.dll
[0513/165743.050:ERROR:process_memory_win.cc(73)] ReadMemory at 0x7ff9185f0000 of 64 bytes failed: Only part of a ReadProcessMemory or WriteProcessMemory request was completed. (0x12B)
[0513/165743.050:WARNING:pe_image_reader.cc(340)] could not read dos header from C:\Windows\System32\ADVAPI32.dll
[0513/165743.050:ERROR:process_memory_win.cc(73)] ReadMemory at 0x7ff9198a0000 of 64 bytes failed: Only part of a ReadProcessMemory or WriteProcessMemory request was completed. (0x12B)
[0513/165743.050:WARNING:pe_image_reader.cc(340)] could not read dos header from C:\Windows\System32\msvcrt.dll
[0513/165743.050:ERROR:process_memory_win.cc(73)] ReadMemory at 0x7ff918810000 of 64 bytes failed: Only part of a ReadProcessMemory or WriteProcessMemory request was completed. (0x12B)
[0513/165743.050:WARNING:pe_image_reader.cc(340)] could not read dos header from C:\Windows\System32\sechost.dll
[0513/165743.051:ERROR:process_memory_win.cc(73)] ReadMemory at 0x7ff919440000 of 64 bytes failed: Only part of a ReadProcessMemory or WriteProcessMemory request was completed. (0x12B)
[0513/165743.051:WARNING:pe_image_reader.cc(340)] could not read dos header from C:\Windows\System32\RPCRT4.dll
[0513/165743.051:ERROR:process_memory_win.cc(73)] ReadMemory at 0x7ff87a4c0000 of 64 bytes failed: Only part of a ReadProcessMemory or WriteProcessMemory request was completed. (0x12B)
[0513/165743.051:WARNING:pe_image_reader.cc(340)] could not read dos header from C:\Program Files (x86)\Microsoft\Edge\Application\81.0.416.72\msedge.dll
[0513/165743.051:ERROR:process_memory_win.cc(73)] ReadMemory at 0x7ff919110000 of 64 bytes failed: Only part of a ReadProcessMemory or WriteProcessMemory request was completed. (0x12B)
[0513/165743.051:WARNING:pe_image_reader.cc(340)] could not read dos header from C:\Windows\System32\WS2_32.dll
[0513/165743.051:ERROR:process_memory_win.cc(73)] ReadMemory at 0x7ff917cb0000 of 64 bytes failed: Only part of a ReadProcessMemory or WriteProcessMemory request was completed. (0x12B)
[0513/165743.051:WARNING:pe_image_reader.cc(340)] could not read dos header from C:\Windows\System32\OLEAUT32.dll
[0513/165743.051:ERROR:process_memory_win.cc(73)] ReadMemory at 0x7ff917970000 of 64 bytes failed: Only part of a ReadProcessMemory or WriteProcessMemory request was completed. (0x12B)
[0513/165743.051:WARNING:pe_image_reader.cc(340)] could not read dos header from C:\Windows\System32\msvcp_win.dll
[0513/165743.051:ERROR:process_memory_win.cc(73)] ReadMemory at 0x7ff917bb0000 of 64 bytes failed: Only part of a ReadProcessMemory or WriteProcessMemory request was completed. (0x12B)
[0513/165743.051:WARNING:pe_image_reader.cc(340)] could not read dos header from C:\Windows\System32\ucrtbase.dll
[0513/165743.051:ERROR:process_memory_win.cc(73)] ReadMemory at 0x7ff919560000 of 64 bytes failed: Only part of a ReadProcessMemory or WriteProcessMemory request was completed. (0x12B)
[0513/165743.051:WARNING:pe_image_reader.cc(340)] could not read dos header from C:\Windows\System32\combase.dll
[0513/165743.051:ERROR:process_memory_win.cc(73)] ReadMemory at 0x7ff916c90000 of 64 bytes failed: Only part of a ReadProcessMemory or WriteProcessMemory request was completed. (0x12B)
[0513/165743.051:WARNING:pe_image_reader.cc(340)] could not read dos header from C:\Windows\System32\WINTRUST.dll
[0513/165743.052:ERROR:process_memory_win.cc(73)] ReadMemory at 0x7ff916b70000 of 64 bytes failed: Only part of a ReadProcessMemory or WriteProcessMemory request was completed. (0x12B)
[0513/165743.052:WARNING:pe_image_reader.cc(340)] could not read dos header from C:\Windows\System32\MSASN1.dll
[0513/165743.052:ERROR:process_memory_win.cc(73)] ReadMemory at 0x7ff917a60000 of 64 bytes failed: Only part of a ReadProcessMemory or WriteProcessMemory request was completed. (0x12B)
[0513/165743.052:WARNING:pe_image_reader.cc(340)] could not read dos header from C:\Windows\System32\CRYPT32.dll
[0513/165743.052:ERROR:process_memory_win.cc(73)] ReadMemory at 0x7ff915fa0000 of 64 bytes failed: Only part of a ReadProcessMemory or WriteProcessMemory request was completed. (0x12B)
[0513/165743.052:WARNING:pe_image_reader.cc(340)] could not read dos header from C:\Windows\SYSTEM32\IPHLPAPI.DLL
[0513/165743.052:ERROR:process_memory_win.cc(73)] ReadMemory at 0x7ff90fcd0000 of 64 bytes failed: Only part of a ReadProcessMemory or WriteProcessMemory request was completed. (0x12B)
[0513/165743.052:WARNING:pe_image_reader.cc(340)] could not read dos header from C:\Windows\SYSTEM32\WINMM.dll
[0513/165743.052:ERROR:process_memory_win.cc(73)] ReadMemory at 0x7ff902f60000 of 64 bytes failed: Only part of a ReadProcessMemory or WriteProcessMemory request was completed. (0x12B)
[0513/165743.052:WARNING:pe_image_reader.cc(340)] could not read dos header from C:\Windows\SYSTEM32\Secur32.dll
[0513/165743.052:ERROR:process_memory_win.cc(73)] ReadMemory at 0x7ff9169e0000 of 64 bytes failed: Only part of a ReadProcessMemory or WriteProcessMemory request was completed. (0x12B)
[0513/165743.052:WARNING:pe_image_reader.cc(340)] could not read dos header from C:\Windows\SYSTEM32\USERENV.dll
[0513/165743.052:ERROR:process_memory_win.cc(73)] ReadMemory at 0x7ff916b40000 of 64 bytes failed: Only part of a ReadProcessMemory or WriteProcessMemory request was completed. (0x12B)
[0513/165743.053:WARNING:pe_image_reader.cc(340)] could not read dos header from C:\Windows\System32\profapi.dll
[0513/165743.053:ERROR:process_memory_win.cc(73)] ReadMemory at 0x7ff8e16c0000 of 64 bytes failed: Only part of a ReadProcessMemory or WriteProcessMemory request was completed. (0x12B)
[0513/165743.053:WARNING:pe_image_reader.cc(340)] could not read dos header from C:\Windows\SYSTEM32\UIAutomationCore.DLL
[0513/165743.053:ERROR:process_memory_win.cc(73)] ReadMemory at 0x7ff90be20000 of 64 bytes failed: Only part of a ReadProcessMemory or WriteProcessMemory request was completed. (0x12B)
[0513/165743.053:WARNING:pe_image_reader.cc(340)] could not read dos header from C:\Windows\SYSTEM32\WINHTTP.dll
[0513/165743.053:ERROR:process_memory_win.cc(73)] ReadMemory at 0x7ff8e8b60000 of 64 bytes failed: Only part of a ReadProcessMemory or WriteProcessMemory request was completed. (0x12B)
[0513/165743.053:WARNING:pe_image_reader.cc(340)] could not read dos header from C:\Windows\SYSTEM32\DWrite.dll
[0513/165743.053:ERROR:process_memory_win.cc(73)] ReadMemory at 0x7ff8e7eb0000 of 64 bytes failed: Only part of a ReadProcessMemory or WriteProcessMemory request was completed. (0x12B)
[0513/165743.053:WARNING:pe_image_reader.cc(340)] could not read dos header from C:\Windows\SYSTEM32\WINSPOOL.DRV
[0513/165743.053:ERROR:process_memory_win.cc(73)] ReadMemory at 0x7ff916b20000 of 64 bytes failed: Only part of a ReadProcessMemory or WriteProcessMemory request was completed. (0x12B)
[0513/165743.053:WARNING:pe_image_reader.cc(340)] could not read dos header from C:\Windows\System32\kernel.appcore.dll
[0513/165743.053:ERROR:process_memory_win.cc(73)] ReadMemory at 0x7ff917a10000 of 64 bytes failed: Only part of a ReadProcessMemory or WriteProcessMemory request was completed. (0x12B)
[0513/165743.053:WARNING:pe_image_reader.cc(340)] could not read dos header from C:\Windows\System32\bcrypt.dll
[0513/165743.053:ERROR:process_memory_win.cc(73)] ReadMemory at 0x7ff915380000 of 64 bytes failed: Only part of a ReadProcessMemory or WriteProcessMemory request was completed. (0x12B)
[0513/165743.053:WARNING:pe_image_reader.cc(340)] could not read dos header from C:\Windows\SYSTEM32\dbghelp.dll
[0513/165743.053:ERROR:process_memory_win.cc(73)] ReadMemory at 0x7ff90d3c0000 of 64 bytes failed: Only part of a ReadProcessMemory or WriteProcessMemory request was completed. (0x12B)
[0513/165743.054:WARNING:pe_image_reader.cc(340)] could not read dos header from C:\Windows\SYSTEM32\dhcpcsvc.DLL
[0513/165743.054:ERROR:process_memory_win.cc(73)] ReadMemory at 0x7ff919400000 of 64 bytes failed: Only part of a ReadProcessMemory or WriteProcessMemory request was completed. (0x12B)
[0513/165743.054:WARNING:pe_image_reader.cc(340)] could not read dos header from C:\Windows\System32\NSI.dll
[0513/165743.054:ERROR:process_memory_win.cc(73)] ReadMemory at 0x7ff90fe60000 of 64 bytes failed: Only part of a ReadProcessMemory or WriteProcessMemory request was completed. (0x12B)
[0513/165743.054:WARNING:pe_image_reader.cc(340)] could not read dos header from C:\Windows\SYSTEM32\WINMMBASE.dll
[0513/165743.054:ERROR:process_memory_win.cc(73)] ReadMemory at 0x7ff916c40000 of 64 bytes failed: Only part of a ReadProcessMemory or WriteProcessMemory request was completed. (0x12B)
[0513/165743.054:WARNING:pe_image_reader.cc(340)] could not read dos header from C:\Windows\System32\cfgmgr32.dll
[0513/165743.054:ERROR:process_memory_win.cc(73)] ReadMemory at 0x7ff9116b0000 of 64 bytes failed: Only part of a ReadProcessMemory or WriteProcessMemory request was completed. (0x12B)
[0513/165743.054:WARNING:pe_image_reader.cc(340)] could not read dos header from C:\Windows\SYSTEM32\PROPSYS.dll
[0513/165743.054:ERROR:process_memory_win.cc(73)] ReadMemory at 0x7ff9189c0000 of 64 bytes failed: Only part of a ReadProcessMemory or WriteProcessMemory request was completed. (0x12B)
[0513/165743.054:WARNING:pe_image_reader.cc(340)] could not read dos header from C:\Windows\System32\shcore.dll
[0513/165743.055:ERROR:process_memory_win.cc(73)] ReadMemory at 0x7ff9169b0000 of 64 bytes failed: Only part of a ReadProcessMemory or WriteProcessMemory request was completed. (0x12B)
[0513/165743.055:WARNING:pe_image_reader.cc(340)] could not read dos header from C:\Windows\SYSTEM32\SSPICLI.DLL
[0513/165743.055:ERROR:process_memory_win.cc(73)] ReadMemory at 0x7ff916400000 of 64 bytes failed: Only part of a ReadProcessMemory or WriteProcessMemory request was completed. (0x12B)
[0513/165743.055:WARNING:pe_image_reader.cc(340)] could not read dos header from C:\Windows\SYSTEM32\CRYPTBASE.DLL
[0513/165743.060:ERROR:process_memory_win.cc(73)] ReadMemory at 0x7ff771da0000 of 64 bytes failed: Only part of a ReadProcessMemory or WriteProcessMemory request was completed. (0x12B)
[0513/165743.060:WARNING:pe_image_reader.cc(340)] could not read dos header from C:\Program Files (x86)\Microsoft\Edge\Application\msedge.exe
[0513/165743.060:ERROR:process_memory_win.cc(73)] ReadMemory at 0x7ff919c00000 of 64 bytes failed: Only part of a ReadProcessMemory or WriteProcessMemory request was completed. (0x12B)
[0513/165743.060:WARNING:pe_image_reader.cc(340)] could not read dos header from C:\Windows\SYSTEM32\ntdll.dll
[0513/165743.060:ERROR:process_memory_win.cc(73)] ReadMemory at 0x7ff9184d0000 of 64 bytes failed: Only part of a ReadProcessMemory or WriteProcessMemory request was completed. (0x12B)
[0513/165743.060:WARNING:pe_image_reader.cc(340)] could not read dos header from C:\Windows\System32\KERNEL32.DLL
[0513/165743.060:ERROR:process_memory_win.cc(73)] ReadMemory at 0x7ff916e90000 of 64 bytes failed: Only part of a ReadProcessMemory or WriteProcessMemory request was completed. (0x12B)
[0513/165743.060:WARNING:pe_image_reader.cc(340)] could not read dos header from C:\Windows\System32\KERNELBASE.dll
[0513/165743.061:ERROR:process_memory_win.cc(73)] ReadMemory at 0x7ff8e0df0000 of 64 bytes failed: Only part of a ReadProcessMemory or WriteProcessMemory request was completed. (0x12B)
[0513/165743.061:WARNING:pe_image_reader.cc(340)] could not read dos header from C:\Program Files (x86)\Microsoft\Edge\Application\81.0.416.72\msedge_elf.dll
[0513/165743.061:ERROR:process_memory_win.cc(73)] ReadMemory at 0x7ff9178f0000 of 64 bytes failed: Only part of a ReadProcessMemory or WriteProcessMemory request was completed. (0x12B)
[0513/165743.061:WARNING:pe_image_reader.cc(340)] could not read dos header from C:\Windows\System32\bcryptPrimitives.dll
[0513/165743.061:ERROR:process_memory_win.cc(73)] ReadMemory at 0x7ff9185f0000 of 64 bytes failed: Only part of a ReadProcessMemory or WriteProcessMemory request was completed. (0x12B)
[0513/165743.061:WARNING:pe_image_reader.cc(340)] could not read dos header from C:\Windows\System32\ADVAPI32.dll
[0513/165743.061:ERROR:process_memory_win.cc(73)] ReadMemory at 0x7ff9198a0000 of 64 bytes failed: Only part of a ReadProcessMemory or WriteProcessMemory request was completed. (0x12B)
[0513/165743.061:WARNING:pe_image_reader.cc(340)] could not read dos header from C:\Windows\System32\msvcrt.dll
[0513/165743.061:ERROR:process_memory_win.cc(73)] ReadMemory at 0x7ff918810000 of 64 bytes failed: Only part of a ReadProcessMemory or WriteProcessMemory request was completed. (0x12B)
[0513/165743.061:WARNING:pe_image_reader.cc(340)] could not read dos header from C:\Windows\System32\sechost.dll
[0513/165743.061:ERROR:process_memory_win.cc(73)] ReadMemory at 0x7ff919440000 of 64 bytes failed: Only part of a ReadProcessMemory or WriteProcessMemory request was completed. (0x12B)
[0513/165743.061:WARNING:pe_image_reader.cc(340)] could not read dos header from C:\Windows\System32\RPCRT4.dll
[0513/165743.061:ERROR:process_memory_win.cc(73)] ReadMemory at 0x7ff87a4c0000 of 64 bytes failed: Only part of a ReadProcessMemory or WriteProcessMemory request was completed. (0x12B)
[0513/165743.061:WARNING:pe_image_reader.cc(340)] could not read dos header from C:\Program Files (x86)\Microsoft\Edge\Application\81.0.416.72\msedge.dll
[0513/165743.061:ERROR:process_memory_win.cc(73)] ReadMemory at 0x7ff919110000 of 64 bytes failed: Only part of a ReadProcessMemory or WriteProcessMemory request was completed. (0x12B)
[0513/165743.061:WARNING:pe_image_reader.cc(340)] could not read dos header from C:\Windows\System32\WS2_32.dll
[0513/165743.062:ERROR:process_memory_win.cc(73)] ReadMemory at 0x7ff917cb0000 of 64 bytes failed: Only part of a ReadProcessMemory or WriteProcessMemory request was completed. (0x12B)
[0513/165743.062:WARNING:pe_image_reader.cc(340)] could not read dos header from C:\Windows\System32\OLEAUT32.dll
[0513/165743.062:ERROR:process_memory_win.cc(73)] ReadMemory at 0x7ff917970000 of 64 bytes failed: Only part of a ReadProcessMemory or WriteProcessMemory request was completed. (0x12B)
[0513/165743.062:WARNING:pe_image_reader.cc(340)] could not read dos header from C:\Windows\System32\msvcp_win.dll
[0513/165743.062:ERROR:process_memory_win.cc(73)] ReadMemory at 0x7ff917bb0000 of 64 bytes failed: Only part of a ReadProcessMemory or WriteProcessMemory request was completed. (0x12B)
[0513/165743.062:WARNING:pe_image_reader.cc(340)] could not read dos header from C:\Windows\System32\ucrtbase.dll
[0513/165743.062:ERROR:process_memory_win.cc(73)] ReadMemory at 0x7ff919560000 of 64 bytes failed: Only part of a ReadProcessMemory or WriteProcessMemory request was completed. (0x12B)
[0513/165743.062:WARNING:pe_image_reader.cc(340)] could not read dos header from C:\Windows\System32\combase.dll
[0513/165743.062:ERROR:process_memory_win.cc(73)] ReadMemory at 0x7ff916c90000 of 64 bytes failed: Only part of a ReadProcessMemory or WriteProcessMemory request was completed. (0x12B)
[0513/165743.062:WARNING:pe_image_reader.cc(340)] could not read dos header from C:\Windows\System32\WINTRUST.dll
[0513/165743.062:ERROR:process_memory_win.cc(73)] ReadMemory at 0x7ff916b70000 of 64 bytes failed: Only part of a ReadProcessMemory or WriteProcessMemory request was completed. (0x12B)
[0513/165743.062:WARNING:pe_image_reader.cc(340)] could not read dos header from C:\Windows\System32\MSASN1.dll
[0513/165743.062:ERROR:process_memory_win.cc(73)] ReadMemory at 0x7ff917a60000 of 64 bytes failed: Only part of a ReadProcessMemory or WriteProcessMemory request was completed. (0x12B)
[0513/165743.062:WARNING:pe_image_reader.cc(340)] could not read dos header from C:\Windows\System32\CRYPT32.dll
[0513/165743.062:ERROR:process_memory_win.cc(73)] ReadMemory at 0x7ff915fa0000 of 64 bytes failed: Only part of a ReadProcessMemory or WriteProcessMemory request was completed. (0x12B)
[0513/165743.063:WARNING:pe_image_reader.cc(340)] could not read dos header from C:\Windows\SYSTEM32\IPHLPAPI.DLL
[0513/165743.063:ERROR:process_memory_win.cc(73)] ReadMemory at 0x7ff90fcd0000 of 64 bytes failed: Only part of a ReadProcessMemory or WriteProcessMemory request was completed. (0x12B)
[0513/165743.063:WARNING:pe_image_reader.cc(340)] could not read dos header from C:\Windows\SYSTEM32\WINMM.dll
[0513/165743.063:ERROR:process_memory_win.cc(73)] ReadMemory at 0x7ff902f60000 of 64 bytes failed: Only part of a ReadProcessMemory or WriteProcessMemory request was completed. (0x12B)
[0513/165743.063:WARNING:pe_image_reader.cc(340)] could not read dos header from C:\Windows\SYSTEM32\Secur32.dll
[0513/165743.063:ERROR:process_memory_win.cc(73)] ReadMemory at 0x7ff9169e0000 of 64 bytes failed: Only part of a ReadProcessMemory or WriteProcessMemory request was completed. (0x12B)
[0513/165743.063:WARNING:pe_image_reader.cc(340)] could not read dos header from C:\Windows\SYSTEM32\USERENV.dll
[0513/165743.063:ERROR:process_memory_win.cc(73)] ReadMemory at 0x7ff916b40000 of 64 bytes failed: Only part of a ReadProcessMemory or WriteProcessMemory request was completed. (0x12B)
[0513/165743.063:WARNING:pe_image_reader.cc(340)] could not read dos header from C:\Windows\System32\profapi.dll
[0513/165743.063:ERROR:process_memory_win.cc(73)] ReadMemory at 0x7ff8e16c0000 of 64 bytes failed: Only part of a ReadProcessMemory or WriteProcessMemory request was completed. (0x12B)
[0513/165743.063:WARNING:pe_image_reader.cc(340)] could not read dos header from C:\Windows\SYSTEM32\UIAutomationCore.DLL
[0513/165743.063:ERROR:process_memory_win.cc(73)] ReadMemory at 0x7ff90be20000 of 64 bytes failed: Only part of a ReadProcessMemory or WriteProcessMemory request was completed. (0x12B)
[0513/165743.063:WARNING:pe_image_reader.cc(340)] could not read dos header from C:\Windows\SYSTEM32\WINHTTP.dll
[0513/165743.063:ERROR:process_memory_win.cc(73)] ReadMemory at 0x7ff8e8b60000 of 64 bytes failed: Only part of a ReadProcessMemory or WriteProcessMemory request was completed. (0x12B)
[0513/165743.063:WARNING:pe_image_reader.cc(340)] could not read dos header from C:\Windows\SYSTEM32\DWrite.dll
[0513/165743.063:ERROR:process_memory_win.cc(73)] ReadMemory at 0x7ff8e7eb0000 of 64 bytes failed: Only part of a ReadProcessMemory or WriteProcessMemory request was completed. (0x12B)
[0513/165743.063:WARNING:pe_image_reader.cc(340)] could not read dos header from C:\Windows\SYSTEM32\WINSPOOL.DRV
[0513/165743.064:ERROR:process_memory_win.cc(73)] ReadMemory at 0x7ff916b20000 of 64 bytes failed: Only part of a ReadProcessMemory or WriteProcessMemory request was completed. (0x12B)
[0513/165743.064:WARNING:pe_image_reader.cc(340)] could not read dos header from C:\Windows\System32\kernel.appcore.dll
[0513/165743.064:ERROR:process_memory_win.cc(73)] ReadMemory at 0x7ff917a10000 of 64 bytes failed: Only part of a ReadProcessMemory or WriteProcessMemory request was completed. (0x12B)
[0513/165743.064:WARNING:pe_image_reader.cc(340)] could not read dos header from C:\Windows\System32\bcrypt.dll
[0513/165743.064:ERROR:process_memory_win.cc(73)] ReadMemory at 0x7ff915380000 of 64 bytes failed: Only part of a ReadProcessMemory or WriteProcessMemory request was completed. (0x12B)
[0513/165743.064:WARNING:pe_image_reader.cc(340)] could not read dos header from C:\Windows\SYSTEM32\dbghelp.dll
[0513/165743.064:ERROR:process_memory_win.cc(73)] ReadMemory at 0x7ff90d3c0000 of 64 bytes failed: Only part of a ReadProcessMemory or WriteProcessMemory request was completed. (0x12B)
[0513/165743.064:WARNING:pe_image_reader.cc(340)] could not read dos header from C:\Windows\SYSTEM32\dhcpcsvc.DLL
[0513/165743.064:ERROR:process_memory_win.cc(73)] ReadMemory at 0x7ff919400000 of 64 bytes failed: Only part of a ReadProcessMemory or WriteProcessMemory request was completed. (0x12B)
[0513/165743.064:WARNING:pe_image_reader.cc(340)] could not read dos header from C:\Windows\System32\NSI.dll
[0513/165743.064:ERROR:process_memory_win.cc(73)] ReadMemory at 0x7ff90fe60000 of 64 bytes failed: Only part of a ReadProcessMemory or WriteProcessMemory request was completed. (0x12B)
[0513/165743.064:WARNING:pe_image_reader.cc(340)] could not read dos header from C:\Windows\SYSTEM32\WINMMBASE.dll
[0513/165743.065:ERROR:process_memory_win.cc(73)] ReadMemory at 0x7ff916c40000 of 64 bytes failed: Only part of a ReadProcessMemory or WriteProcessMemory request was completed. (0x12B)
[0513/165743.065:WARNING:pe_image_reader.cc(340)] could not read dos header from C:\Windows\System32\cfgmgr32.dll
[0513/165743.065:ERROR:process_memory_win.cc(73)] ReadMemory at 0x7ff9116b0000 of 64 bytes failed: Only part of a ReadProcessMemory or WriteProcessMemory request was completed. (0x12B)
[0513/165743.065:WARNING:pe_image_reader.cc(340)] could not read dos header from C:\Windows\SYSTEM32\PROPSYS.dll
[0513/165743.065:ERROR:process_memory_win.cc(73)] ReadMemory at 0x7ff9189c0000 of 64 bytes failed: Only part of a ReadProcessMemory or WriteProcessMemory request was completed. (0x12B)
[0513/165743.065:WARNING:pe_image_reader.cc(340)] could not read dos header from C:\Windows\System32\shcore.dll
[0513/165743.065:ERROR:process_memory_win.cc(73)] ReadMemory at 0x7ff9169b0000 of 64 bytes failed: Only part of a ReadProcessMemory or WriteProcessMemory request was completed. (0x12B)
[0513/165743.065:WARNING:pe_image_reader.cc(340)] could not read dos header from C:\Windows\SYSTEM32\SSPICLI.DLL
[0513/165743.065:ERROR:process_memory_win.cc(73)] ReadMemory at 0x7ff916400000 of 64 bytes failed: Only part of a ReadProcessMemory or WriteProcessMemory request was completed. (0x12B)
[0513/165743.065:WARNING:pe_image_reader.cc(340)] could not read dos header from C:\Windows\SYSTEM32\CRYPTBASE.DLL
[0513/165743.065:ERROR:process_memory_win.cc(73)] ReadMemory at 0x7ff771da0000 of 64 bytes failed: Only part of a ReadProcessMemory or WriteProcessMemory request was completed. (0x12B)
[0513/165743.065:WARNING:pe_image_reader.cc(340)] could not read dos header from C:\Program Files (x86)\Microsoft\Edge\Application\msedge.exe
[0513/165743.065:ERROR:process_memory_win.cc(73)] ReadMemory at 0x7ff919c00000 of 64 bytes failed: Only part of a ReadProcessMemory or WriteProcessMemory request was completed. (0x12B)
[0513/165743.065:WARNING:pe_image_reader.cc(340)] could not read dos header from C:\Windows\SYSTEM32\ntdll.dll
[0513/165743.065:ERROR:process_memory_win.cc(73)] ReadMemory at 0x7ff9184d0000 of 64 bytes failed: Only part of a ReadProcessMemory or WriteProcessMemory request was completed. (0x12B)
[0513/165743.065:WARNING:pe_image_reader.cc(340)] could not read dos header from C:\Windows\System32\KERNEL32.DLL
[0513/165743.066:ERROR:process_memory_win.cc(73)] ReadMemory at 0x7ff916e90000 of 64 bytes failed: Only part of a ReadProcessMemory or WriteProcessMemory request was completed. (0x12B)
[0513/165743.066:WARNING:pe_image_reader.cc(340)] could not read dos header from C:\Windows\System32\KERNELBASE.dll
[0513/165743.066:ERROR:process_memory_win.cc(73)] ReadMemory at 0x7ff8e0df0000 of 64 bytes failed: Only part of a ReadProcessMemory or WriteProcessMemory request was completed. (0x12B)
[0513/165743.066:WARNING:pe_image_reader.cc(340)] could not read dos header from C:\Program Files (x86)\Microsoft\Edge\Application\81.0.416.72\msedge_elf.dll
[0513/165743.066:ERROR:process_memory_win.cc(73)] ReadMemory at 0x7ff9178f0000 of 64 bytes failed: Only part of a ReadProcessMemory or WriteProcessMemory request was completed. (0x12B)
[0513/165743.066:WARNING:pe_image_reader.cc(340)] could not read dos header from C:\Windows\System32\bcryptPrimitives.dll
[0513/165743.066:ERROR:process_memory_win.cc(73)] ReadMemory at 0x7ff9185f0000 of 64 bytes failed: Only part of a ReadProcessMemory or WriteProcessMemory request was completed. (0x12B)
[0513/165743.066:WARNING:pe_image_reader.cc(340)] could not read dos header from C:\Windows\System32\ADVAPI32.dll
[0513/165743.066:ERROR:process_memory_win.cc(73)] ReadMemory at 0x7ff9198a0000 of 64 bytes failed: Only part of a ReadProcessMemory or WriteProcessMemory request was completed. (0x12B)
[0513/165743.067:WARNING:pe_image_reader.cc(340)] could not read dos header from C:\Windows\System32\msvcrt.dll
[0513/165743.067:ERROR:process_memory_win.cc(73)] ReadMemory at 0x7ff918810000 of 64 bytes failed: Only part of a ReadProcessMemory or WriteProcessMemory request was completed. (0x12B)
[0513/165743.067:WARNING:pe_image_reader.cc(340)] could not read dos header from C:\Windows\System32\sechost.dll
[0513/165743.067:ERROR:process_memory_win.cc(73)] ReadMemory at 0x7ff919440000 of 64 bytes failed: Only part of a ReadProcessMemory or WriteProcessMemory request was completed. (0x12B)
[0513/165743.067:WARNING:pe_image_reader.cc(340)] could not read dos header from C:\Windows\System32\RPCRT4.dll
[0513/165743.067:ERROR:process_memory_win.cc(73)] ReadMemory at 0x7ff87a4c0000 of 64 bytes failed: Only part of a ReadProcessMemory or WriteProcessMemory request was completed. (0x12B)
[0513/165743.067:WARNING:pe_image_reader.cc(340)] could not read dos header from C:\Program Files (x86)\Microsoft\Edge\Application\81.0.416.72\msedge.dll
[0513/165743.067:ERROR:process_memory_win.cc(73)] ReadMemory at 0x7ff919110000 of 64 bytes failed: Only part of a ReadProcessMemory or WriteProcessMemory request was completed. (0x12B)
[0513/165743.067:WARNING:pe_image_reader.cc(340)] could not read dos header from C:\Windows\System32\WS2_32.dll
[0513/165743.067:ERROR:process_memory_win.cc(73)] ReadMemory at 0x7ff917cb0000 of 64 bytes failed: Only part of a ReadProcessMemory or WriteProcessMemory request was completed. (0x12B)
[0513/165743.067:WARNING:pe_image_reader.cc(340)] could not read dos header from C:\Windows\System32\OLEAUT32.dll
[0513/165743.067:ERROR:process_memory_win.cc(73)] ReadMemory at 0x7ff917970000 of 64 bytes failed: Only part of a ReadProcessMemory or WriteProcessMemory request was completed. (0x12B)
[0513/165743.067:WARNING:pe_image_reader.cc(340)] could not read dos header from C:\Windows\System32\msvcp_win.dll
[0513/165743.068:ERROR:process_memory_win.cc(73)] ReadMemory at 0x7ff917bb0000 of 64 bytes failed: Only part of a ReadProcessMemory or WriteProcessMemory request was completed. (0x12B)
[0513/165743.068:WARNING:pe_image_reader.cc(340)] could not read dos header from C:\Windows\System32\ucrtbase.dll
[0513/165743.068:ERROR:process_memory_win.cc(73)] ReadMemory at 0x7ff919560000 of 64 bytes failed: Only part of a ReadProcessMemory or WriteProcessMemory request was completed. (0x12B)
[0513/165743.068:WARNING:pe_image_reader.cc(340)] could not read dos header from C:\Windows\System32\combase.dll
[0513/165743.068:ERROR:process_memory_win.cc(73)] ReadMemory at 0x7ff916c90000 of 64 bytes failed: Only part of a ReadProcessMemory or WriteProcessMemory request was completed. (0x12B)
[0513/165743.068:WARNING:pe_image_reader.cc(340)] could not read dos header from C:\Windows\System32\WINTRUST.dll
[0513/165743.068:ERROR:process_memory_win.cc(73)] ReadMemory at 0x7ff916b70000 of 64 bytes failed: Only part of a ReadProcessMemory or WriteProcessMemory request was completed. (0x12B)
[0513/165743.068:WARNING:pe_image_reader.cc(340)] could not read dos header from C:\Windows\System32\MSASN1.dll
[0513/165743.068:ERROR:process_memory_win.cc(73)] ReadMemory at 0x7ff917a60000 of 64 bytes failed: Only part of a ReadProcessMemory or WriteProcessMemory request was completed. (0x12B)
[0513/165743.068:WARNING:pe_image_reader.cc(340)] could not read dos header from C:\Windows\System32\CRYPT32.dll
[0513/165743.068:ERROR:process_memory_win.cc(73)] ReadMemory at 0x7ff915fa0000 of 64 bytes failed: Only part of a ReadProcessMemory or WriteProcessMemory request was completed. (0x12B)
[0513/165743.068:WARNING:pe_image_reader.cc(340)] could not read dos header from C:\Windows\SYSTEM32\IPHLPAPI.DLL
[0513/165743.068:ERROR:process_memory_win.cc(73)] ReadMemory at 0x7ff90fcd0000 of 64 bytes failed: Only part of a ReadProcessMemory or WriteProcessMemory request was completed. (0x12B)
[0513/165743.068:WARNING:pe_image_reader.cc(340)] could not read dos header from C:\Windows\SYSTEM32\WINMM.dll
[0513/165743.068:ERROR:process_memory_win.cc(73)] ReadMemory at 0x7ff902f60000 of 64 bytes failed: Only part of a ReadProcessMemory or WriteProcessMemory request was completed. (0x12B)
[0513/165743.068:WARNING:pe_image_reader.cc(340)] could not read dos header from C:\Windows\SYSTEM32\Secur32.dll
[0513/165743.069:ERROR:process_memory_win.cc(73)] ReadMemory at 0x7ff9169e0000 of 64 bytes failed: Only part of a ReadProcessMemory or WriteProcessMemory request was completed. (0x12B)
[0513/165743.069:WARNING:pe_image_reader.cc(340)] could not read dos header from C:\Windows\SYSTEM32\USERENV.dll
[0513/165743.069:ERROR:process_memory_win.cc(73)] ReadMemory at 0x7ff916b40000 of 64 bytes failed: Only part of a ReadProcessMemory or WriteProcessMemory request was completed. (0x12B)
[0513/165743.069:WARNING:pe_image_reader.cc(340)] could not read dos header from C:\Windows\System32\profapi.dll
[0513/165743.069:ERROR:process_memory_win.cc(73)] ReadMemory at 0x7ff8e16c0000 of 64 bytes failed: Only part of a ReadProcessMemory or WriteProcessMemory request was completed. (0x12B)
[0513/165743.069:WARNING:pe_image_reader.cc(340)] could not read dos header from C:\Windows\SYSTEM32\UIAutomationCore.DLL
[0513/165743.069:ERROR:process_memory_win.cc(73)] ReadMemory at 0x7ff90be20000 of 64 bytes failed: Only part of a ReadProcessMemory or WriteProcessMemory request was completed. (0x12B)
[0513/165743.069:WARNING:pe_image_reader.cc(340)] could not read dos header from C:\Windows\SYSTEM32\WINHTTP.dll
[0513/165743.069:ERROR:process_memory_win.cc(73)] ReadMemory at 0x7ff8e8b60000 of 64 bytes failed: Only part of a ReadProcessMemory or WriteProcessMemory request was completed. (0x12B)
[0513/165743.069:WARNING:pe_image_reader.cc(340)] could not read dos header from C:\Windows\SYSTEM32\DWrite.dll
[0513/165743.069:ERROR:process_memory_win.cc(73)] ReadMemory at 0x7ff8e7eb0000 of 64 bytes failed: Only part of a ReadProcessMemory or WriteProcessMemory request was completed. (0x12B)
[0513/165743.069:WARNING:pe_image_reader.cc(340)] could not read dos header from C:\Windows\SYSTEM32\WINSPOOL.DRV
[0513/165743.069:ERROR:process_memory_win.cc(73)] ReadMemory at 0x7ff916b20000 of 64 bytes failed: Only part of a ReadProcessMemory or WriteProcessMemory request was completed. (0x12B)
[0513/165743.069:WARNING:pe_image_reader.cc(340)] could not read dos header from C:\Windows\System32\kernel.appcore.dll
[0513/165743.069:ERROR:process_memory_win.cc(73)] ReadMemory at 0x7ff917a10000 of 64 bytes failed: Only part of a ReadProcessMemory or WriteProcessMemory request was completed. (0x12B)
[0513/165743.069:WARNING:pe_image_reader.cc(340)] could not read dos header from C:\Windows\System32\bcrypt.dll
[0513/165743.069:ERROR:process_memory_win.cc(73)] ReadMemory at 0x7ff915380000 of 64 bytes failed: Only part of a ReadProcessMemory or WriteProcessMemory request was completed. (0x12B)
[0513/165743.069:WARNING:pe_image_reader.cc(340)] could not read dos header from C:\Windows\SYSTEM32\dbghelp.dll
[0513/165743.069:ERROR:process_memory_win.cc(73)] ReadMemory at 0x7ff90d3c0000 of 64 bytes failed: Only part of a ReadProcessMemory or WriteProcessMemory request was completed. (0x12B)
[0513/165743.069:WARNING:pe_image_reader.cc(340)] could not read dos header from C:\Windows\SYSTEM32\dhcpcsvc.DLL
[0513/165743.069:ERROR:process_memory_win.cc(73)] ReadMemory at 0x7ff919400000 of 64 bytes failed: Only part of a ReadProcessMemory or WriteProcessMemory request was completed. (0x12B)
[0513/165743.069:WARNING:pe_image_reader.cc(340)] could not read dos header from C:\Windows\System32\NSI.dll
[0513/165743.069:ERROR:process_memory_win.cc(73)] ReadMemory at 0x7ff90fe60000 of 64 bytes failed: Only part of a ReadProcessMemory or WriteProcessMemory request was completed. (0x12B)
[0513/165743.069:WARNING:pe_image_reader.cc(340)] could not read dos header from C:\Windows\SYSTEM32\WINMMBASE.dll
[0513/165743.070:ERROR:process_memory_win.cc(73)] ReadMemory at 0x7ff916c40000 of 64 bytes failed: Only part of a ReadProcessMemory or WriteProcessMemory request was completed. (0x12B)
[0513/165743.070:WARNING:pe_image_reader.cc(340)] could not read dos header from C:\Windows\System32\cfgmgr32.dll
[0513/165743.070:ERROR:process_memory_win.cc(73)] ReadMemory at 0x7ff9116b0000 of 64 bytes failed: Only part of a ReadProcessMemory or WriteProcessMemory request was completed. (0x12B)
[0513/165743.070:WARNING:pe_image_reader.cc(340)] could not read dos header from C:\Windows\SYSTEM32\PROPSYS.dll
[0513/165743.070:ERROR:process_memory_win.cc(73)] ReadMemory at 0x7ff9189c0000 of 64 bytes failed: Only part of a ReadProcessMemory or WriteProcessMemory request was completed. (0x12B)
[0513/165743.070:WARNING:pe_image_reader.cc(340)] could not read dos header from C:\Windows\System32\shcore.dll
[0513/165743.070:ERROR:process_memory_win.cc(73)] ReadMemory at 0x7ff9169b0000 of 64 bytes failed: Only part of a ReadProcessMemory or WriteProcessMemory request was completed. (0x12B)
[0513/165743.070:WARNING:pe_image_reader.cc(340)] could not read dos header from C:\Windows\SYSTEM32\SSPICLI.DLL
[0513/165743.070:ERROR:process_memory_win.cc(73)] ReadMemory at 0x7ff916400000 of 64 bytes failed: Only part of a ReadProcessMemory or WriteProcessMemory request was completed. (0x12B)
[0513/165743.070:WARNING:pe_image_reader.cc(340)] could not read dos header from C:\Windows\SYSTEM32\CRYPTBASE.DLL
[0513/165743.083:ERROR:process_memory_win.cc(73)] ReadMemory at 0x2b27401000 of 8384512 bytes failed: Only part of a ReadProcessMemory or WriteProcessMemory request was completed. (0x12B)
[0513/165743.096:ERROR:process_memory_win.cc(73)] ReadMemory at 0x2b283fe000 of 8192 bytes failed: Only part of a ReadProcessMemory or WriteProcessMemory request was completed. (0x12B)
[0513/165743.096:ERROR:process_memory_win.cc(73)] ReadMemory at 0x2b28bfd000 of 12288 bytes failed: Only part of a ReadProcessMemory or WriteProcessMemory request was completed. (0x12B)
[0513/165743.096:ERROR:process_memory_win.cc(73)] ReadMemory at 0x2b293f9000 of 28672 bytes failed: Only part of a ReadProcessMemory or WriteProcessMemory request was completed. (0x12B)
[0513/165743.096:ERROR:process_memory_win.cc(73)] ReadMemory at 0x2b29bfd000 of 12288 bytes failed: Only part of a ReadProcessMemory or WriteProcessMemory request was completed. (0x12B)
[0513/165743.096:ERROR:process_memory_win.cc(73)] ReadMemory at 0x2b2a3fb000 of 20480 bytes failed: Only part of a ReadProcessMemory or WriteProcessMemory request was completed. (0x12B)
[0513/165743.097:ERROR:process_memory_win.cc(73)] ReadMemory at 0x2b2abfd000 of 12288 bytes failed: Only part of a ReadProcessMemory or WriteProcessMemory request was completed. (0x12B)
[0513/165743.097:ERROR:process_memory_win.cc(73)] ReadMemory at 0x2b2b3fb000 of 20480 bytes failed: Only part of a ReadProcessMemory or WriteProcessMemory request was completed. (0x12B)
[0513/165743.097:ERROR:process_memory_win.cc(73)] ReadMemory at 0x2b2bbfd000 of 12288 bytes failed: Only part of a ReadProcessMemory or WriteProcessMemory request was completed. (0x12B)
[0513/165743.097:ERROR:process_memory_win.cc(73)] ReadMemory at 0x2b2c3fd000 of 12288 bytes failed: Only part of a ReadProcessMemory or WriteProcessMemory request was completed. (0x12B)
[0513/165743.097:ERROR:process_memory_win.cc(73)] ReadMemory at 0x2b2cbfd000 of 12288 bytes failed: Only part of a ReadProcessMemory or WriteProcessMemory request was completed. (0x12B)
[0513/165743.098:ERROR:process_memory_win.cc(73)] ReadMemory at 0x2b2d3fd000 of 12288 bytes failed: Only part of a ReadProcessMemory or WriteProcessMemory request was completed. (0x12B)
[0513/165743.098:ERROR:process_memory_win.cc(73)] ReadMemory at 0x2b2dbfd000 of 12288 bytes failed: Only part of a ReadProcessMemory or WriteProcessMemory request was completed. (0x12B)
[0513/165743.098:ERROR:process_memory_win.cc(73)] ReadMemory at 0x2b2e3fd000 of 12288 bytes failed: Only part of a ReadProcessMemory or WriteProcessMemory request was completed. (0x12B)
[0513/165743.098:ERROR:process_memory_win.cc(73)] ReadMemory at 0x2b2ebfd000 of 12288 bytes failed: Only part of a ReadProcessMemory or WriteProcessMemory request was completed. (0x12B)
[0513/165743.098:ERROR:process_memory_win.cc(73)] ReadMemory at 0x2b2f3fd000 of 12288 bytes failed: Only part of a ReadProcessMemory or WriteProcessMemory request was completed. (0x12B)
[0513/165743.098:ERROR:process_memory_win.cc(73)] ReadMemory at 0x2b2fbfb000 of 20480 bytes failed: Only part of a ReadProcessMemory or WriteProcessMemory request was completed. (0x12B)
[0513/165743.099:ERROR:process_memory_win.cc(73)] ReadMemory at 0x2b303f7000 of 36864 bytes failed: Only part of a ReadProcessMemory or WriteProcessMemory request was completed. (0x12B)
[0513/165743.099:ERROR:process_memory_win.cc(73)] ReadMemory at 0x2b30bf9000 of 28672 bytes failed: Only part of a ReadProcessMemory or WriteProcessMemory request was completed. (0x12B)
[0513/165743.099:ERROR:process_memory_win.cc(73)] ReadMemory at 0x2b313fd000 of 12288 bytes failed: Only part of a ReadProcessMemory or WriteProcessMemory request was completed. (0x12B)
[0513/165743.099:ERROR:process_memory_win.cc(73)] ReadMemory at 0x2b31bfd000 of 12288 bytes failed: Only part of a ReadProcessMemory or WriteProcessMemory request was completed. (0x12B)
[0513/165743.099:ERROR:process_memory_win.cc(73)] ReadMemory at 0x2b323fd000 of 12288 bytes failed: Only part of a ReadProcessMemory or WriteProcessMemory request was completed. (0x12B)
[0513/165743.100:ERROR:process_memory_win.cc(73)] ReadMemory at 0x2b27200000 of 6024 bytes failed: Only part of a ReadProcessMemory or WriteProcessMemory request was completed. (0x12B)
[0513/165743.100:ERROR:process_memory_win.cc(73)] ReadMemory at 0x2b27202000 of 6024 bytes failed: Only part of a ReadProcessMemory or WriteProcessMemory request was completed. (0x12B)
[0513/165743.100:ERROR:process_memory_win.cc(73)] ReadMemory at 0x2b27204000 of 6024 bytes failed: Only part of a ReadProcessMemory or WriteProcessMemory request was completed. (0x12B)
[0513/165743.100:ERROR:process_memory_win.cc(73)] ReadMemory at 0x2b27206000 of 6024 bytes failed: Only part of a ReadProcessMemory or WriteProcessMemory request was completed. (0x12B)
[0513/165743.100:ERROR:process_memory_win.cc(73)] ReadMemory at 0x2b27208000 of 6024 bytes failed: Only part of a ReadProcessMemory or WriteProcessMemory request was completed. (0x12B)
[0513/165743.101:ERROR:process_memory_win.cc(73)] ReadMemory at 0x2b2720a000 of 6024 bytes failed: Only part of a ReadProcessMemory or WriteProcessMemory request was completed. (0x12B)
[0513/165743.101:ERROR:process_memory_win.cc(73)] ReadMemory at 0x2b2720c000 of 6024 bytes failed: Only part of a ReadProcessMemory or WriteProcessMemory request was completed. (0x12B)
[0513/165743.101:ERROR:process_memory_win.cc(73)] ReadMemory at 0x2b2720e000 of 6024 bytes failed: Only part of a ReadProcessMemory or WriteProcessMemory request was completed. (0x12B)
[0513/165743.101:ERROR:process_memory_win.cc(73)] ReadMemory at 0x2b27210000 of 6024 bytes failed: Only part of a ReadProcessMemory or WriteProcessMemory request was completed. (0x12B)
[0513/165743.101:ERROR:process_memory_win.cc(73)] ReadMemory at 0x2b27212000 of 6024 bytes failed: Only part of a ReadProcessMemory or WriteProcessMemory request was completed. (0x12B)
[0513/165743.102:ERROR:process_memory_win.cc(73)] ReadMemory at 0x2b27214000 of 6024 bytes failed: Only part of a ReadProcessMemory or WriteProcessMemory request was completed. (0x12B)
[0513/165743.102:ERROR:process_memory_win.cc(73)] ReadMemory at 0x2b27216000 of 6024 bytes failed: Only part of a ReadProcessMemory or WriteProcessMemory request was completed. (0x12B)
[0513/165743.102:ERROR:process_memory_win.cc(73)] ReadMemory at 0x2b273ea000 of 852 bytes failed: Only part of a ReadProcessMemory or WriteProcessMemory request was completed. (0x12B)
[0513/165743.102:ERROR:process_memory_win.cc(73)] ReadMemory at 0x2b273eb000 of 6024 bytes failed: Only part of a ReadProcessMemory or WriteProcessMemory request was completed. (0x12B)
[0513/165743.103:ERROR:process_memory_win.cc(73)] ReadMemory at 0x2b273ed000 of 6024 bytes failed: Only part of a ReadProcessMemory or WriteProcessMemory request was completed. (0x12B)
[0513/165743.103:ERROR:process_memory_win.cc(73)] ReadMemory at 0x2b273ef000 of 6024 bytes failed: Only part of a ReadProcessMemory or WriteProcessMemory request was completed. (0x12B)
[0513/165743.103:ERROR:process_memory_win.cc(73)] ReadMemory at 0x2b273f1000 of 6024 bytes failed: Only part of a ReadProcessMemory or WriteProcessMemory request was completed. (0x12B)
[0513/165743.103:ERROR:process_memory_win.cc(73)] ReadMemory at 0x2b273f3000 of 6024 bytes failed: Only part of a ReadProcessMemory or WriteProcessMemory request was completed. (0x12B)
[0513/165743.103:ERROR:process_memory_win.cc(73)] ReadMemory at 0x2b273f5000 of 6024 bytes failed: Only part of a ReadProcessMemory or WriteProcessMemory request was completed. (0x12B)
[0513/165743.103:ERROR:process_memory_win.cc(73)] ReadMemory at 0x2b273f7000 of 6024 bytes failed: Only part of a ReadProcessMemory or WriteProcessMemory request was completed. (0x12B)
[0513/165743.103:ERROR:process_memory_win.cc(73)] ReadMemory at 0x2b273f9000 of 6024 bytes failed: Only part of a ReadProcessMemory or WriteProcessMemory request was completed. (0x12B)
[0513/165743.103:ERROR:process_memory_win.cc(73)] ReadMemory at 0x2b273fb000 of 6024 bytes failed: Only part of a ReadProcessMemory or WriteProcessMemory request was completed. (0x12B)
[0513/165743.104:ERROR:process_memory_win.cc(73)] ReadMemory at 0x2b273fd000 of 6024 bytes failed: Only part of a ReadProcessMemory or WriteProcessMemory request was completed. (0x12B)
[0513/165743.104:ERROR:process_memory_win.cc(73)] ReadMemory at 0x143000002c0 of 40 bytes failed: Only part of a ReadProcessMemory or WriteProcessMemory request was completed. (0x12B)
[0513/165743.104:ERROR:process_memory_win.cc(73)] ReadMemory at 0x143000e02c0 of 40 bytes failed: Only part of a ReadProcessMemory or WriteProcessMemory request was completed. (0x12B)
[0513/165743.104:ERROR:process_memory_win.cc(73)] ReadMemory at 0x143000f02c0 of 40 bytes failed: Only part of a ReadProcessMemory or WriteProcessMemory request was completed. (0x12B)
[0513/165743.104:ERROR:process_memory_win.cc(73)] ReadMemory at 0x143000f0770 of 48 bytes failed: Only part of a ReadProcessMemory or WriteProcessMemory request was completed. (0x12B)
[0513/165743.104:ERROR:process_memory_win.cc(73)] ReadMemory at 0x143000f0fe0 of 8108 bytes failed: Only part of a ReadProcessMemory or WriteProcessMemory request was completed. (0x12B)
[0513/165743.105:ERROR:process_memory_win.cc(73)] ReadMemory at 0x143000f2fa0 of 1012 bytes failed: Only part of a ReadProcessMemory or WriteProcessMemory request was completed. (0x12B)
[0513/165743.105:ERROR:process_memory_win.cc(73)] ReadMemory at 0x143000f35e8 of 120 bytes failed: Only part of a ReadProcessMemory or WriteProcessMemory request was completed. (0x12B)
[0513/165743.105:ERROR:process_memory_win.cc(73)] ReadMemory at 0x143000f3662 of 842 bytes failed: Only part of a ReadProcessMemory or WriteProcessMemory request was completed. (0x12B)
[0513/165743.105:ERROR:process_memory_win.cc(73)] ReadMemory at 0x143000f39ae of 120 bytes failed: Only part of a ReadProcessMemory or WriteProcessMemory request was completed. (0x12B)
[0513/165743.106:ERROR:process_memory_win.cc(73)] ReadMemory at 0x143000f3a28 of 100 bytes failed: Only part of a ReadProcessMemory or WriteProcessMemory request was completed. (0x12B)
[0513/165743.106:ERROR:process_memory_win.cc(73)] ReadMemory at 0x143000f3aa0 of 58 bytes failed: Only part of a ReadProcessMemory or WriteProcessMemory request was completed. (0x12B)
[0513/165743.106:ERROR:process_memory_win.cc(73)] ReadMemory at 0x143000f3ba0 of 132 bytes failed: Only part of a ReadProcessMemory or WriteProcessMemory request was completed. (0x12B)
[0513/165743.106:ERROR:process_memory_win.cc(73)] ReadMemory at 0x143000f3d30 of 132 bytes failed: Only part of a ReadProcessMemory or WriteProcessMemory request was completed. (0x12B)
[0513/165743.106:ERROR:process_memory_win.cc(73)] ReadMemory at 0x143000f3e40 of 512 bytes failed: Only part of a ReadProcessMemory or WriteProcessMemory request was completed. (0x12B)
[0513/165743.106:ERROR:process_memory_win.cc(73)] ReadMemory at 0x143000f42d0 of 132 bytes failed: Only part of a ReadProcessMemory or WriteProcessMemory request was completed. (0x12B)
[0513/165743.106:ERROR:process_memory_win.cc(73)] ReadMemory at 0x143000f4460 of 64 bytes failed: Only part of a ReadProcessMemory or WriteProcessMemory request was completed. (0x12B)
[0513/165743.106:ERROR:process_memory_win.cc(73)] ReadMemory at 0x143000f4620 of 132 bytes failed: Only part of a ReadProcessMemory or WriteProcessMemory request was completed. (0x12B)
[0513/165743.106:ERROR:process_memory_win.cc(73)] ReadMemory at 0x143000f48c0 of 132 bytes failed: Only part of a ReadProcessMemory or WriteProcessMemory request was completed. (0x12B)
[0513/165743.107:ERROR:process_memory_win.cc(73)] ReadMemory at 0x143000f4a50 of 68 bytes failed: Only part of a ReadProcessMemory or WriteProcessMemory request was completed. (0x12B)
[0513/165743.107:ERROR:process_memory_win.cc(73)] ReadMemory at 0x143000f5a60 of 152 bytes failed: Only part of a ReadProcessMemory or WriteProcessMemory request was completed. (0x12B)
[0513/165743.107:ERROR:process_memory_win.cc(73)] ReadMemory at 0x143000f67ca of 512 bytes failed: Only part of a ReadProcessMemory or WriteProcessMemory request was completed. (0x12B)
[0513/165743.107:ERROR:process_memory_win.cc(73)] ReadMemory at 0x143000f86e0 of 54 bytes failed: Only part of a ReadProcessMemory or WriteProcessMemory request was completed. (0x12B)
[0513/165743.107:ERROR:process_memory_win.cc(73)] ReadMemory at 0x143000f8970 of 132 bytes failed: Only part of a ReadProcessMemory or WriteProcessMemory request was completed. (0x12B)
[0513/165743.107:ERROR:process_memory_win.cc(73)] ReadMemory at 0x143000f8b00 of 80 bytes failed: Only part of a ReadProcessMemory or WriteProcessMemory request was completed. (0x12B)
[0513/165743.107:ERROR:process_memory_win.cc(73)] ReadMemory at 0x143000f8b60 of 144 bytes failed: Only part of a ReadProcessMemory or WriteProcessMemory request was completed. (0x12B)
[0513/165743.107:ERROR:process_memory_win.cc(73)] ReadMemory at 0x143000fb430 of 64 bytes failed: Only part of a ReadProcessMemory or WriteProcessMemory request was completed. (0x12B)
[0513/165743.107:ERROR:process_memory_win.cc(73)] ReadMemory at 0x143000fb4d0 of 62 bytes failed: Only part of a ReadProcessMemory or WriteProcessMemory request was completed. (0x12B)
[0513/165743.108:ERROR:process_memory_win.cc(73)] ReadMemory at 0x143000fb700 of 64 bytes failed: Only part of a ReadProcessMemory or WriteProcessMemory request was completed. (0x12B)
[0513/165743.108:ERROR:process_memory_win.cc(73)] ReadMemory at 0x143000fb7f0 of 62 bytes failed: Only part of a ReadProcessMemory or WriteProcessMemory request was completed. (0x12B)
[0513/165743.108:ERROR:process_memory_win.cc(73)] ReadMemory at 0x143000fb8e0 of 60 bytes failed: Only part of a ReadProcessMemory or WriteProcessMemory request was completed. (0x12B)
[0513/165743.108:ERROR:process_memory_win.cc(73)] ReadMemory at 0x143000fb930 of 62 bytes failed: Only part of a ReadProcessMemory or WriteProcessMemory request was completed. (0x12B)
[0513/165743.108:ERROR:process_memory_win.cc(73)] ReadMemory at 0x143000fb980 of 66 bytes failed: Only part of a ReadProcessMemory or WriteProcessMemory request was completed. (0x12B)
[0513/165743.108:ERROR:process_memory_win.cc(73)] ReadMemory at 0x143000fba20 of 64 bytes failed: Only part of a ReadProcessMemory or WriteProcessMemory request was completed. (0x12B)
[0513/165743.108:ERROR:process_memory_win.cc(73)] ReadMemory at 0x143000fba70 of 64 bytes failed: Only part of a ReadProcessMemory or WriteProcessMemory request was completed. (0x12B)
[0513/165743.108:ERROR:process_memory_win.cc(73)] ReadMemory at 0x143000fbac0 of 60 bytes failed: Only part of a ReadProcessMemory or WriteProcessMemory request was completed. (0x12B)
[0513/165743.108:ERROR:process_memory_win.cc(73)] ReadMemory at 0x143000fbb10 of 64 bytes failed: Only part of a ReadProcessMemory or WriteProcessMemory request was completed. (0x12B)
[0513/165743.108:ERROR:process_memory_win.cc(73)] ReadMemory at 0x143000fbb60 of 62 bytes failed: Only part of a ReadProcessMemory or WriteProcessMemory request was completed. (0x12B)
[0513/165743.108:ERROR:process_memory_win.cc(73)] ReadMemory at 0x143000fbcf0 of 60 bytes failed: Only part of a ReadProcessMemory or WriteProcessMemory request was completed. (0x12B)
[0513/165743.108:ERROR:process_memory_win.cc(73)] ReadMemory at 0x143000fbd40 of 62 bytes failed: Only part of a ReadProcessMemory or WriteProcessMemory request was completed. (0x12B)
[0513/165743.108:ERROR:process_memory_win.cc(73)] ReadMemory at 0x143000fbd90 of 62 bytes failed: Only part of a ReadProcessMemory or WriteProcessMemory request was completed. (0x12B)
[0513/165743.108:ERROR:process_memory_win.cc(73)] ReadMemory at 0x143000fbde0 of 62 bytes failed: Only part of a ReadProcessMemory or WriteProcessMemory request was completed. (0x12B)
[0513/165743.108:ERROR:process_memory_win.cc(73)] ReadMemory at 0x143000fbf70 of 62 bytes failed: Only part of a ReadProcessMemory or WriteProcessMemory request was completed. (0x12B)
[0513/165743.108:ERROR:process_memory_win.cc(73)] ReadMemory at 0x143000fbfc0 of 58 bytes failed: Only part of a ReadProcessMemory or WriteProcessMemory request was completed. (0x12B)
[0513/165743.108:ERROR:process_memory_win.cc(73)] ReadMemory at 0x143000fc010 of 62 bytes failed: Only part of a ReadProcessMemory or WriteProcessMemory request was completed. (0x12B)
[0513/165743.108:ERROR:process_memory_win.cc(73)] ReadMemory at 0x143000fc150 of 60 bytes failed: Only part of a ReadProcessMemory or WriteProcessMemory request was completed. (0x12B)
[0513/165743.108:ERROR:process_memory_win.cc(73)] ReadMemory at 0x143000fc210 of 132 bytes failed: Only part of a ReadProcessMemory or WriteProcessMemory request was completed. (0x12B)
[0513/165743.109:ERROR:process_memory_win.cc(73)] ReadMemory at 0x143000fc340 of 132 bytes failed: Only part of a ReadProcessMemory or WriteProcessMemory request was completed. (0x12B)
[0513/165743.109:ERROR:process_memory_win.cc(73)] ReadMemory at 0x143000fc470 of 132 bytes failed: Only part of a ReadProcessMemory or WriteProcessMemory request was completed. (0x12B)
[0513/165743.109:ERROR:process_memory_win.cc(73)] ReadMemory at 0x143000fc6d0 of 132 bytes failed: Only part of a ReadProcessMemory or WriteProcessMemory request was completed. (0x12B)
[0513/165743.109:ERROR:process_memory_win.cc(73)] ReadMemory at 0x143000fc800 of 132 bytes failed: Only part of a ReadProcessMemory or WriteProcessMemory request was completed. (0x12B)
[0513/165743.109:ERROR:process_memory_win.cc(73)] ReadMemory at 0x143000fc930 of 132 bytes failed: Only part of a ReadProcessMemory or WriteProcessMemory request was completed. (0x12B)
[0513/165743.109:ERROR:process_memory_win.cc(73)] ReadMemory at 0x143000fca60 of 132 bytes failed: Only part of a ReadProcessMemory or WriteProcessMemory request was completed. (0x12B)
[0513/165743.110:ERROR:process_memory_win.cc(73)] ReadMemory at 0x143000fcb90 of 132 bytes failed: Only part of a ReadProcessMemory or WriteProcessMemory request was completed. (0x12B)
[0513/165743.110:ERROR:process_memory_win.cc(73)] ReadMemory at 0x143000fccc0 of 132 bytes failed: Only part of a ReadProcessMemory or WriteProcessMemory request was completed. (0x12B)
[0513/165743.110:ERROR:process_memory_win.cc(73)] ReadMemory at 0x143000fcdf0 of 132 bytes failed: Only part of a ReadProcessMemory or WriteProcessMemory request was completed. (0x12B)
[0513/165743.110:ERROR:process_memory_win.cc(73)] ReadMemory at 0x143000fcf20 of 132 bytes failed: Only part of a ReadProcessMemory or WriteProcessMemory request was completed. (0x12B)
[0513/165743.110:ERROR:process_memory_win.cc(73)] ReadMemory at 0x143000fd050 of 132 bytes failed: Only part of a ReadProcessMemory or WriteProcessMemory request was completed. (0x12B)
[0513/165743.110:ERROR:process_memory_win.cc(73)] ReadMemory at 0x143000fe750 of 132 bytes failed: Only part of a ReadProcessMemory or WriteProcessMemory request was completed. (0x12B)
[0513/165743.110:ERROR:process_memory_win.cc(73)] ReadMemory at 0x143000ffab0 of 132 bytes failed: Only part of a ReadProcessMemory or WriteProcessMemory request was completed. (0x12B)
[0513/165743.110:ERROR:process_memory_win.cc(73)] ReadMemory at 0x143000ffbe0 of 132 bytes failed: Only part of a ReadProcessMemory or WriteProcessMemory request was completed. (0x12B)
[0513/165743.110:ERROR:process_memory_win.cc(73)] ReadMemory at 0x143000ffe00 of 132 bytes failed: Only part of a ReadProcessMemory or WriteProcessMemory request was completed. (0x12B)
[0513/165743.110:ERROR:process_memory_win.cc(73)] ReadMemory at 0x14300100020 of 60 bytes failed: Only part of a ReadProcessMemory or WriteProcessMemory request was completed. (0x12B)
[0513/165743.110:ERROR:process_memory_win.cc(73)] ReadMemory at 0x14300100110 of 64 bytes failed: Only part of a ReadProcessMemory or WriteProcessMemory request was completed. (0x12B)
[0513/165743.110:ERROR:process_memory_win.cc(73)] ReadMemory at 0x14300100250 of 60 bytes failed: Only part of a ReadProcessMemory or WriteProcessMemory request was completed. (0x12B)
[0513/165743.110:ERROR:process_memory_win.cc(73)] ReadMemory at 0x14300100480 of 60 bytes failed: Only part of a ReadProcessMemory or WriteProcessMemory request was completed. (0x12B)
[0513/165743.110:ERROR:process_memory_win.cc(73)] ReadMemory at 0x143001004d0 of 64 bytes failed: Only part of a ReadProcessMemory or WriteProcessMemory request was completed. (0x12B)
[0513/165743.110:ERROR:process_memory_win.cc(73)] ReadMemory at 0x143001005c0 of 64 bytes failed: Only part of a ReadProcessMemory or WriteProcessMemory request was completed. (0x12B)
[0513/165743.110:ERROR:process_memory_win.cc(73)] ReadMemory at 0x14300100660 of 66 bytes failed: Only part of a ReadProcessMemory or WriteProcessMemory request was completed. (0x12B)
[0513/165743.110:ERROR:process_memory_win.cc(73)] ReadMemory at 0x14300100750 of 62 bytes failed: Only part of a ReadProcessMemory or WriteProcessMemory request was completed. (0x12B)
[0513/165743.110:ERROR:process_memory_win.cc(73)] ReadMemory at 0x14300100fc0 of 132 bytes failed: Only part of a ReadProcessMemory or WriteProcessMemory request was completed. (0x12B)
[0513/165743.110:ERROR:process_memory_win.cc(73)] ReadMemory at 0x14300101500 of 132 bytes failed: Only part of a ReadProcessMemory or WriteProcessMemory request was completed. (0x12B)
[0513/165743.110:ERROR:process_memory_win.cc(73)] ReadMemory at 0x14300103550 of 132 bytes failed: Only part of a ReadProcessMemory or WriteProcessMemory request was completed. (0x12B)
[0513/165743.110:ERROR:process_memory_win.cc(73)] ReadMemory at 0x14300103680 of 132 bytes failed: Only part of a ReadProcessMemory or WriteProcessMemory request was completed. (0x12B)
[0513/165743.111:ERROR:process_memory_win.cc(73)] ReadMemory at 0x14300105500 of 132 bytes failed: Only part of a ReadProcessMemory or WriteProcessMemory request was completed. (0x12B)
[0513/165743.111:ERROR:process_memory_win.cc(73)] ReadMemory at 0x14300105e40 of 132 bytes failed: Only part of a ReadProcessMemory or WriteProcessMemory request was completed. (0x12B)
[0513/165743.111:ERROR:process_memory_win.cc(73)] ReadMemory at 0x14300106120 of 132 bytes failed: Only part of a ReadProcessMemory or WriteProcessMemory request was completed. (0x12B)
[0513/165743.111:ERROR:process_memory_win.cc(73)] ReadMemory at 0x14300106280 of 124 bytes failed: Only part of a ReadProcessMemory or WriteProcessMemory request was completed. (0x12B)
[0513/165743.111:ERROR:process_memory_win.cc(73)] ReadMemory at 0x14300106700 of 80 bytes failed: Only part of a ReadProcessMemory or WriteProcessMemory request was completed. (0x12B)
[0513/165743.111:ERROR:process_memory_win.cc(73)] ReadMemory at 0x14300107420 of 76 bytes failed: Only part of a ReadProcessMemory or WriteProcessMemory request was completed. (0x12B)
[0513/165743.112:ERROR:process_memory_win.cc(73)] ReadMemory at 0x14300109f90 of 132 bytes failed: Only part of a ReadProcessMemory or WriteProcessMemory request was completed. (0x12B)
[0513/165743.112:ERROR:process_memory_win.cc(73)] ReadMemory at 0x1430010a1f0 of 132 bytes failed: Only part of a ReadProcessMemory or WriteProcessMemory request was completed. (0x12B)
[0513/165743.112:ERROR:process_memory_win.cc(73)] ReadMemory at 0x1430010a450 of 132 bytes failed: Only part of a ReadProcessMemory or WriteProcessMemory request was completed. (0x12B)
[0513/165743.112:ERROR:process_memory_win.cc(73)] ReadMemory at 0x1430010a6b0 of 132 bytes failed: Only part of a ReadProcessMemory or WriteProcessMemory request was completed. (0x12B)
[0513/165743.112:ERROR:process_memory_win.cc(73)] ReadMemory at 0x1430010aa40 of 132 bytes failed: Only part of a ReadProcessMemory or WriteProcessMemory request was completed. (0x12B)
[0513/165743.112:ERROR:process_memory_win.cc(73)] ReadMemory at 0x1430010ab70 of 132 bytes failed: Only part of a ReadProcessMemory or WriteProcessMemory request was completed. (0x12B)
[0513/165743.112:ERROR:process_memory_win.cc(73)] ReadMemory at 0x1430010add0 of 132 bytes failed: Only part of a ReadProcessMemory or WriteProcessMemory request was completed. (0x12B)
[0513/165743.112:ERROR:process_memory_win.cc(73)] ReadMemory at 0x1430010af00 of 132 bytes failed: Only part of a ReadProcessMemory or WriteProcessMemory request was completed. (0x12B)
[0513/165743.112:ERROR:process_memory_win.cc(73)] ReadMemory at 0x1430010b030 of 132 bytes failed: Only part of a ReadProcessMemory or WriteProcessMemory request was completed. (0x12B)
[0513/165743.112:ERROR:process_memory_win.cc(73)] ReadMemory at 0x1430010b9d0 of 512 bytes failed: Only part of a ReadProcessMemory or WriteProcessMemory request was completed. (0x12B)
[0513/165743.112:ERROR:process_memory_win.cc(73)] ReadMemory at 0x14300116840 of 48 bytes failed: Only part of a ReadProcessMemory or WriteProcessMemory request was completed. (0x12B)
[0513/165743.113:ERROR:process_memory_win.cc(73)] ReadMemory at 0x14300116980 of 48 bytes failed: Only part of a ReadProcessMemory or WriteProcessMemory request was completed. (0x12B)
[0513/165743.113:ERROR:process_memory_win.cc(73)] ReadMemory at 0x14300116a00 of 48 bytes failed: Only part of a ReadProcessMemory or WriteProcessMemory request was completed. (0x12B)
[0513/165743.113:ERROR:process_memory_win.cc(73)] ReadMemory at 0x14300119800 of 40 bytes failed: Only part of a ReadProcessMemory or WriteProcessMemory request was completed. (0x12B)
[0513/165743.113:ERROR:process_memory_win.cc(73)] ReadMemory at 0x14300120c60 of 40 bytes failed: Only part of a ReadProcessMemory or WriteProcessMemory request was completed. (0x12B)
[0513/165743.113:ERROR:process_memory_win.cc(73)] ReadMemory at 0x143003202c0 of 40 bytes failed: Only part of a ReadProcessMemory or WriteProcessMemory request was completed. (0x12B)
[0513/165743.114:ERROR:process_memory_win.cc(73)] ReadMemory at 0x143003b0d90 of 512 bytes failed: Only part of a ReadProcessMemory or WriteProcessMemory request was completed. (0x12B)
[0513/165743.114:ERROR:process_memory_win.cc(73)] ReadMemory at 0x143003b13c0 of 512 bytes failed: Only part of a ReadProcessMemory or WriteProcessMemory request was completed. (0x12B)
[0513/165743.114:ERROR:process_memory_win.cc(73)] ReadMemory at 0x143004002c0 of 40 bytes failed: Only part of a ReadProcessMemory or WriteProcessMemory request was completed. (0x12B)
[0513/165743.114:ERROR:process_memory_win.cc(73)] ReadMemory at 0x143004502c0 of 40 bytes failed: Only part of a ReadProcessMemory or WriteProcessMemory request was completed. (0x12B)
[0513/165743.114:ERROR:process_memory_win.cc(73)] ReadMemory at 0x143007e42e0 of 512 bytes failed: Only part of a ReadProcessMemory or WriteProcessMemory request was completed. (0x12B)
[0513/165743.114:ERROR:process_memory_win.cc(73)] ReadMemory at 0x14300807950 of 712 bytes failed: Only part of a ReadProcessMemory or WriteProcessMemory request was completed. (0x12B)
[0513/165743.115:ERROR:process_memory_win.cc(73)] ReadMemory at 0x14300820b98 of 512 bytes failed: Only part of a ReadProcessMemory or WriteProcessMemory request was completed. (0x12B)
[0513/165743.115:ERROR:process_memory_win.cc(73)] ReadMemory at 0x14300821528 of 512 bytes failed: Only part of a ReadProcessMemory or WriteProcessMemory request was completed. (0x12B)
[0513/165743.115:ERROR:process_memory_win.cc(73)] ReadMemory at 0x14300821d08 of 800 bytes failed: Only part of a ReadProcessMemory or WriteProcessMemory request was completed. (0x12B)
[0513/165743.115:ERROR:process_memory_win.cc(73)] ReadMemory at 0x14300822338 of 512 bytes failed: Only part of a ReadProcessMemory or WriteProcessMemory request was completed. (0x12B)
[0513/165743.115:ERROR:process_memory_win.cc(73)] ReadMemory at 0x143009202c0 of 40 bytes failed: Only part of a ReadProcessMemory or WriteProcessMemory request was completed. (0x12B)
[0513/165743.115:ERROR:process_memory_win.cc(73)] ReadMemory at 0x14300b102c0 of 40 bytes failed: Only part of a ReadProcessMemory or WriteProcessMemory request was completed. (0x12B)
[0513/165743.116:ERROR:process_memory_win.cc(73)] ReadMemory at 0x14302370000 of 384 bytes failed: Only part of a ReadProcessMemory or WriteProcessMemory request was completed. (0x12B)
[0513/165743.116:ERROR:process_memory_win.cc(73)] ReadMemory at 0x14302569ca0 of 512 bytes failed: Only part of a ReadProcessMemory or WriteProcessMemory request was completed. (0x12B)
[0513/165743.116:ERROR:process_memory_win.cc(73)] ReadMemory at 0x1430448b9f0 of 896 bytes failed: Only part of a ReadProcessMemory or WriteProcessMemory request was completed. (0x12B)
[0513/165743.116:ERROR:process_memory_win.cc(73)] ReadMemory at 0x143044f09c8 of 512 bytes failed: Only part of a ReadProcessMemory or WriteProcessMemory request was completed. (0x12B)
[0513/165743.116:ERROR:process_memory_win.cc(73)] ReadMemory at 0x25330811e355 of 512 bytes failed: Only part of a ReadProcessMemory or WriteProcessMemory request was completed. (0x12B)
[0513/165743.117:ERROR:process_memory_win.cc(73)] ReadMemory at 0x25330812e355 of 512 bytes failed: Only part of a ReadProcessMemory or WriteProcessMemory request was completed. (0x12B)
[0513/165743.117:ERROR:process_memory_win.cc(73)] ReadMemory at 0x253308135879 of 512 bytes failed: Only part of a ReadProcessMemory or WriteProcessMemory request was completed. (0x12B)
[0513/165743.117:ERROR:process_memory_win.cc(73)] ReadMemory at 0x25330815a355 of 512 bytes failed: Only part of a ReadProcessMemory or WriteProcessMemory request was completed. (0x12B)
[0513/165743.117:ERROR:process_memory_win.cc(73)] ReadMemory at 0x2533081639e5 of 512 bytes failed: Only part of a ReadProcessMemory or WriteProcessMemory request was completed. (0x12B)
[0513/165743.117:ERROR:process_memory_win.cc(73)] ReadMemory at 0x25330816ae35 of 512 bytes failed: Only part of a ReadProcessMemory or WriteProcessMemory request was completed. (0x12B)
[0513/165743.117:ERROR:process_memory_win.cc(73)] ReadMemory at 0x720b425b8fb0 of 512 bytes failed: Only part of a ReadProcessMemory or WriteProcessMemory request was completed. (0x12B)
[0513/165743.118:ERROR:process_memory_win.cc(73)] ReadMemory at 0x7ff8812c9218 of 512 bytes failed: Only part of a ReadProcessMemory or WriteProcessMemory request was completed. (0x12B)
[0513/165743.118:ERROR:process_memory_win.cc(73)] ReadMemory at 0x7ff8e0ed2f90 of 40 bytes failed: Only part of a ReadProcessMemory or WriteProcessMemory request was completed. (0x12B)
[0513/165743.118:ERROR:process_memory_win.cc(73)] ReadMemory at 0x7ff9169d8cb0 of 40 bytes failed: Only part of a ReadProcessMemory or WriteProcessMemory request was completed. (0x12B)
[0513/165743.118:ERROR:process_memory_win.cc(73)] ReadMemory at 0x7ff9170fc6e0 of 512 bytes failed: Only part of a ReadProcessMemory or WriteProcessMemory request was completed. (0x12B)
[0513/165743.118:ERROR:process_memory_win.cc(73)] ReadMemory at 0x7ff9184e5dd0 of 512 bytes failed: Only part of a ReadProcessMemory or WriteProcessMemory request was completed. (0x12B)
[0513/165743.118:ERROR:process_memory_win.cc(73)] ReadMemory at 0x7ff9184e6550 of 512 bytes failed: Only part of a ReadProcessMemory or WriteProcessMemory request was completed. (0x12B)
[0513/165743.119:ERROR:process_memory_win.cc(73)] ReadMemory at 0x7ff9184e7b54 of 512 bytes failed: Only part of a ReadProcessMemory or WriteProcessMemory request was completed. (0x12B)
[0513/165743.119:ERROR:process_memory_win.cc(73)] ReadMemory at 0x7ff919c9c074 of 672 bytes failed: Only part of a ReadProcessMemory or WriteProcessMemory request was completed. (0x12B)
[0513/165743.119:ERROR:process_memory_win.cc(73)] ReadMemory at 0x7ff919c9c674 of 512 bytes failed: Only part of a ReadProcessMemory or WriteProcessMemory request was completed. (0x12B)
[0513/165743.119:ERROR:process_memory_win.cc(73)] ReadMemory at 0x7ff919c9f924 of 608 bytes failed: Only part of a ReadProcessMemory or WriteProcessMemory request was completed. (0x12B)
[0513/165743.119:ERROR:process_memory_win.cc(73)] ReadMemory at 0x7ff919d2c428 of 18 bytes failed: Only part of a ReadProcessMemory or WriteProcessMemory request was completed. (0x12B)
[0513/165743.119:ERROR:process_memory_win.cc(73)] ReadMemory at 0x7ff919d5f4f8 of 40 bytes failed: Only part of a ReadProcessMemory or WriteProcessMemory request was completed. (0x12B)
[0513/165743.119:ERROR:process_memory_win.cc(73)] ReadMemory at 0x7ff919d5f560 of 48 bytes failed: Only part of a ReadProcessMemory or WriteProcessMemory request was completed. (0x12B)
[0513/165743.120:ERROR:process_memory_win.cc(73)] ReadMemory at 0x7ff919d5f978 of 48 bytes failed: Only part of a ReadProcessMemory or WriteProcessMemory request was completed. (0x12B)
[0513/165743.120:ERROR:process_memory_win.cc(73)] ReadMemory at 0x7ff919d63be0 of 40 bytes failed: Only part of a ReadProcessMemory or WriteProcessMemory request was completed. (0x12B)
[0513/165743.120:ERROR:process_memory_win.cc(73)] ReadMemory at 0x7ff919d63d40 of 384 bytes failed: Only part of a ReadProcessMemory or WriteProcessMemory request was completed. (0x12B)
[0513/165743.120:ERROR:process_memory_win.cc(73)] ReadMemory at 0x7ff919d653c0 of 64 bytes failed: Only part of a ReadProcessMemory or WriteProcessMemory request was completed. (0x12B)
[0513/165743.124:ERROR:scoped_process_suspend.cc(40)] NtResumeProcess: An attempt was made to access an exiting process. (0xc000010a)
